\BOOKMARK [0][-]{chapter*.1}{List of Tables}{}% 1
\BOOKMARK [0][-]{chapter*.2}{List of Figures}{}% 2
\BOOKMARK [0][-]{chapter*.4}{Abstract}{}% 3
\BOOKMARK [0][-]{chapter*.5}{List of Abbreviations and Symbols Used}{}% 4
\BOOKMARK [0][-]{chapter*.6}{Acknowledgements}{}% 5
\BOOKMARK [0][-]{chapter.1}{Introduction}{}% 6
\BOOKMARK [1][-]{section.1.1}{Computational Complexity}{chapter.1}% 7
\BOOKMARK [1][-]{section.1.2}{Quantum Computing}{chapter.1}% 8
\BOOKMARK [1][-]{section.1.3}{Outline}{chapter.1}% 9
\BOOKMARK [0][-]{chapter.2}{Adiabatic Quantum Computing}{}% 10
\BOOKMARK [1][-]{section.2.1}{A Brief History of AQC}{chapter.2}% 11
\BOOKMARK [1][-]{section.2.2}{The Adiabatic Theorem}{chapter.2}% 12
\BOOKMARK [1][-]{section.2.3}{Finding a Problem Hamiltonian}{chapter.2}% 13
\BOOKMARK [1][-]{section.2.4}{Adiabatic Evolution}{chapter.2}% 14
\BOOKMARK [1][-]{section.2.5}{Simulating AQC}{chapter.2}% 15
\BOOKMARK [0][-]{chapter.3}{The D-Wave Two Machine}{}% 16
\BOOKMARK [1][-]{section.3.1}{Machine Description}{chapter.3}% 17
\BOOKMARK [1][-]{section.3.2}{Programming the D-Wave Two }{chapter.3}% 18
\BOOKMARK [1][-]{section.3.3}{Resolution}{chapter.3}% 19
\BOOKMARK [1][-]{section.3.4}{Annealing Schedule}{chapter.3}% 20
\BOOKMARK [1][-]{section.3.5}{Programming Noise}{chapter.3}% 21
\BOOKMARK [1][-]{section.3.6}{Inoperable Qubits}{chapter.3}% 22
\BOOKMARK [0][-]{chapter.4}{Embedding}{}% 23
\BOOKMARK [1][-]{section.4.1}{Creating Problem Hamiltonians}{chapter.4}% 24
\BOOKMARK [1][-]{section.4.2}{Linear Programming}{chapter.4}% 25
\BOOKMARK [1][-]{section.4.3}{QCC}{chapter.4}% 26
\BOOKMARK [1][-]{section.4.4}{QSM Language}{chapter.4}% 27
\BOOKMARK [1][-]{section.4.5}{Embedding algorithm}{chapter.4}% 28
\BOOKMARK [0][-]{chapter.5}{Boolean Satisfiability}{}% 29
\BOOKMARK [1][-]{section.5.1}{Satisfiability Problems}{chapter.5}% 30
\BOOKMARK [1][-]{section.5.2}{Randomly Generating 3-SAT Problems}{chapter.5}% 31
\BOOKMARK [1][-]{section.5.3}{Embedding 3-SAT}{chapter.5}% 32
\BOOKMARK [1][-]{section.5.4}{Example SAT embedding}{chapter.5}% 33
\BOOKMARK [0][-]{chapter.6}{Results and Discussion}{}% 34
\BOOKMARK [1][-]{section.6.1}{Running procedure}{chapter.6}% 35
\BOOKMARK [1][-]{section.6.2}{Single Qubyte Hamiltonian}{chapter.6}% 36
\BOOKMARK [1][-]{section.6.3}{Non-degenerate Single Qubyte Hamiltonian}{chapter.6}% 37
\BOOKMARK [1][-]{section.6.4}{Clone coupling value}{chapter.6}% 38
\BOOKMARK [1][-]{section.6.5}{Size scaling}{chapter.6}% 39
\BOOKMARK [1][-]{section.6.6}{Boolean SAT Hamiltonian}{chapter.6}% 40
\BOOKMARK [0][-]{chapter.7}{Conclusion}{}% 41
\BOOKMARK [0][-]{chapter.7}{Bibliography}{}% 42
\BOOKMARK [0][-]{appendix.A}{The Adiabatic Theorem}{}% 43
